<?xml version="1.0" encoding="UTF-8"?>
<!-- Generated by org.testng.reporters.JUnitReportReporter -->
<testsuite hostname="Princys-MacBook-Air.local" failures="0" tests="4" name="Princyacademy.ErrorValidations" time="14.332" errors="0" timestamp="17 Jun 2025 14:43:54 GMT" skipped="0">
  <testcase classname="Princyacademy.ErrorValidations" name="loginErrorValidation" time="1.922"/>
  <testcase classname="Princyacademy.ErrorValidations" name="productErrorValidation" time="4.918"/>
  <testcase classname="Princyacademy.ErrorValidations" name="loginErrorValidation" time="2.460"/>
  <testcase classname="Princyacademy.ErrorValidations" name="productErrorValidation" time="5.032"/>
</testsuite> <!-- Princyacademy.ErrorValidations -->
