<?xml version="1.0" encoding="UTF-8"?>
<!-- Generated by org.testng.reporters.JUnitReportReporter -->
<testsuite hostname="Princys-MacBook-Air.local" failures="0" tests="4" name="Princyacademy.SubmitOrder" time="22.429" errors="0" timestamp="19 Jun 2025 13:24:48 GMT" skipped="0">
  <testcase classname="Princyacademy.SubmitOrder" name="submitOrder" time="12.039"/>
  <testcase classname="Princyacademy.SubmitOrder" name="submitOrder" time="5.676"/>
  <testcase classname="Princyacademy.SubmitOrder" name="orderHistory" time="2.238"/>
  <testcase classname="Princyacademy.SubmitOrder" name="orderHistory" time="2.476"/>
</testsuite> <!-- Princyacademy.SubmitOrder -->
