<?xml version="1.0" encoding="UTF-8"?>
<!-- Generated by org.testng.reporters.JUnitReportReporter -->
<testsuite hostname="Princys-MacBook-Air.local" failures="0" tests="4" name="Princyacademy.ErrorValidations" time="22.774" errors="0" timestamp="19 Jun 2025 13:24:48 GMT" skipped="0">
  <testcase classname="Princyacademy.ErrorValidations" name="loginErrorValidation" time="9.290"/>
  <testcase classname="Princyacademy.ErrorValidations" name="productErrorValidation" time="4.957"/>
  <testcase classname="Princyacademy.ErrorValidations" name="loginErrorValidation" time="4.044"/>
  <testcase classname="Princyacademy.ErrorValidations" name="productErrorValidation" time="4.483"/>
</testsuite> <!-- Princyacademy.ErrorValidations -->
